2018-04-09 15:10:56,397 - INFO - ['hotel requests', {'2018/04/09': 1}]
2018-04-09 15:11:01,340 - ERROR - ['hotel requests success', {'message': 'SUCCESS', 'code': 200, 'data': {'matchingType': 1, 'enterpriseInfo': {'hotelTaxIllegal': 0, 'hotelLitigation': 0, 'legalpersonChange': 0, 'hotelPunish': 0, 'shareholderChange': 0}, 'ruzhulvMean': {'rzl8': 72.13, 'rzl9': 94.35, 'rzl4': 62.9, 'rzl5': 69.26, 'rzl6': 79.48, 'rzl7': 70.16, 'rzl1': 83.04, 'rzl2': 55.82, 'rzl3': 66.85, 'yearRzl': 70.59, 'halfYearRzl': 71.88, 'rzl12': 40.14, 'rzl10': 83.89, 'rzl11': 70.61}, 'roomPrice': {'meanPrice': 0.0, 'medianPrice': 0.0}, 'companyName': u'\u91cd\u5e86\u5b89\u901a\u5bbe\u9986\u6709\u9650\u516c\u53f8'}}]
2018-04-09 15:11:12,843 - INFO - ['hotel requests', {'2018/04/09': 1}]
2018-04-09 15:11:16,244 - ERROR - ['hotel requests success', {'message': 'SUCCESS', 'code': 200, 'data': {'matchingType': 1, 'enterpriseInfo': {'hotelTaxIllegal': 0, 'hotelLitigation': 0, 'legalpersonChange': 0, 'hotelPunish': 0, 'shareholderChange': 0}, 'ruzhulvMean': {'rzl8': 72.13, 'rzl9': 94.35, 'rzl4': 62.9, 'rzl5': 69.26, 'rzl6': 79.48, 'rzl7': 70.16, 'rzl1': 83.04, 'rzl2': 55.82, 'rzl3': 66.85, 'yearRzl': 70.59, 'halfYearRzl': 71.88, 'rzl12': 40.14, 'rzl10': 83.89, 'rzl11': 70.61}, 'roomPrice': {'meanPrice': 0.0, 'medianPrice': 0.0}, 'companyName': u'\u91cd\u5e86\u5b89\u901a\u5bbe\u9986\u6709\u9650\u516c\u53f8'}}]
2018-04-09 15:14:01,387 - ERROR - ['person requests', {'2018/04/09': 1}]
2018-04-09 15:14:07,172 - ERROR - ['person requests success', {'message': 'SUCCESS', 'code': 200, 'data': {'weekLoanSmall': 1, 'weekLoanP2P': 2, 'threeMonCountSum': 14, 'threeMonthLoanSmall': 3, 'monCountSum': 5, 'monthLoanSmall': 1, 'monthLoanP2P': 3, 'weekCountSum': 3, 'threeMonthLoanP2P': 7}}]
2018-04-09 15:14:18,082 - ERROR - ['person requests', {'2018/04/09': 1}]
2018-04-09 15:14:18,466 - ERROR - ['person requests success', {'message': 'SUCCESS', 'code': 200, 'data': {'weekLoanSmall': 1, 'weekLoanP2P': 2, 'threeMonCountSum': 14, 'threeMonthLoanSmall': 3, 'monCountSum': 5, 'monthLoanSmall': 1, 'monthLoanP2P': 3, 'weekCountSum': 3, 'threeMonthLoanP2P': 7}}]
2018-04-09 15:14:20,933 - ERROR - ['person requests', {'2018/04/09': 2}]
2018-04-09 15:14:21,191 - ERROR - ['person requests success', {'message': 'SUCCESS', 'code': 200, 'data': {'weekLoanSmall': 1, 'weekLoanP2P': 2, 'threeMonCountSum': 14, 'threeMonthLoanSmall': 3, 'monCountSum': 5, 'monthLoanSmall': 1, 'monthLoanP2P': 3, 'weekCountSum': 3, 'threeMonthLoanP2P': 7}}]
2018-04-09 15:17:50,393 - INFO - ['person requests', {'2018/04/09': 1}]
2018-04-09 15:17:50,860 - INFO - ['person requests success', {'message': 'SUCCESS', 'code': 200, 'data': {'weekLoanSmall': 1, 'weekLoanP2P': 2, 'threeMonCountSum': 14, 'threeMonthLoanSmall': 3, 'monCountSum': 5, 'monthLoanSmall': 1, 'monthLoanP2P': 3, 'weekCountSum': 3, 'threeMonthLoanP2P': 7}}]
2018-04-09 15:17:55,169 - INFO - ['person requests', {'2018/04/09': 1}]
2018-04-09 15:17:55,369 - INFO - ['person requests success', {'message': 'SUCCESS', 'code': 200, 'data': {'weekLoanSmall': 1, 'weekLoanP2P': 2, 'threeMonCountSum': 14, 'threeMonthLoanSmall': 3, 'monCountSum': 5, 'monthLoanSmall': 1, 'monthLoanP2P': 3, 'weekCountSum': 3, 'threeMonthLoanP2P': 7}}]
2018-04-09 15:27:23,503 - INFO - ['hotel requests', {'2018/04/09': 1}]
2018-04-09 15:27:25,021 - INFO - ['hotel requests success', {'message': 'SUCCESS', 'code': 200, 'data': {'matchingType': 1, 'enterpriseInfo': {'hotelTaxIllegal': 0, 'hotelLitigation': 0, 'legalpersonChange': 0, 'hotelPunish': 0, 'shareholderChange': 0}, 'ruzhulvMean': {'rzl8': 72.13, 'rzl9': 94.35, 'rzl4': 62.9, 'rzl5': 69.26, 'rzl6': 79.48, 'rzl7': 70.16, 'rzl1': 83.04, 'rzl2': 55.82, 'rzl3': 66.85, 'yearRzl': 70.59, 'halfYearRzl': 71.88, 'rzl12': 40.14, 'rzl10': 83.89, 'rzl11': 70.61}, 'roomPrice': {'meanPrice': 0.0, 'medianPrice': 0.0}, 'companyName': u'\u91cd\u5e86\u5b89\u901a\u5bbe\u9986\u6709\u9650\u516c\u53f8'}}]
2018-04-09 15:29:12,574 - INFO - ['hotel requests', {'2018/04/09': 1}]
2018-04-09 15:29:13,758 - INFO - ['hotel requests success', {'message': 'SUCCESS', 'code': 200, 'data': {'matchingType': 1, 'enterpriseInfo': {'hotelTaxIllegal': 0, 'hotelLitigation': 0, 'legalpersonChange': 0, 'hotelPunish': 0, 'shareholderChange': 0}, 'ruzhulvMean': {'rzl8': 72.13, 'rzl9': 94.35, 'rzl4': 62.9, 'rzl5': 69.26, 'rzl6': 79.48, 'rzl7': 70.16, 'rzl1': 83.04, 'rzl2': 55.82, 'rzl3': 66.85, 'yearRzl': 70.59, 'halfYearRzl': 71.88, 'rzl12': 40.14, 'rzl10': 83.89, 'rzl11': 70.61}, 'roomPrice': {'meanPrice': 0.0, 'medianPrice': 0.0}, 'companyName': u'\u91cd\u5e86\u5b89\u901a\u5bbe\u9986\u6709\u9650\u516c\u53f8'}}]
2018-04-09 15:30:22,093 - INFO - ['hotel requests', {'2018/04/09': 1}]
2018-04-09 15:30:23,827 - ERROR - Traceback (most recent call last):
  File "/home/zhangxun/projectfile/hotelProject/hotel-credit/hotelLoan/process/hotelAnalysisVer1.py", line 110, in main
    altDataStrpt = time.strptime(altData, "%Y-%m-%d")
UnboundLocalError: local variable 'time' referenced before assignment

2018-04-09 15:30:23,827 - INFO - ['hotel requests success', {'message': 'SUCCESS', 'code': 200, 'data': {}}]
2018-04-09 15:30:54,325 - INFO - ['hotel requests', {'2018/04/09': 1}]
2018-04-09 15:30:55,843 - INFO - ['hotel requests success', {'message': 'SUCCESS', 'code': 200, 'data': {'matchingType': 1, 'enterpriseInfo': {'hotelTaxIllegal': 0, 'hotelLitigation': 0, 'legalpersonChange': 0, 'hotelPunish': 0, 'shareholderChange': 0}, 'ruzhulvMean': {'rzl8': 72.13, 'rzl9': 94.35, 'rzl4': 62.9, 'rzl5': 69.26, 'rzl6': 79.48, 'rzl7': 70.16, 'rzl1': 83.04, 'rzl2': 55.82, 'rzl3': 66.85, 'yearRzl': 70.59, 'halfYearRzl': 71.88, 'rzl12': 40.14, 'rzl10': 83.89, 'rzl11': 70.61}, 'roomPrice': {'meanPrice': 0.0, 'medianPrice': 0.0}, 'companyName': u'\u91cd\u5e86\u5b89\u901a\u5bbe\u9986\u6709\u9650\u516c\u53f8'}}]
2018-04-09 15:31:52,398 - INFO - ['hotel requests', {'2018/04/09': 1}]
2018-04-09 15:31:53,874 - INFO - ['hotel requests success', {'message': 'SUCCESS', 'code': 200, 'data': {'matchingType': 1, 'enterpriseInfo': {'hotelTaxIllegal': 0, 'hotelLitigation': 0, 'legalpersonChange': 0, 'hotelPunish': 0, 'shareholderChange': 0}, 'ruzhulvMean': {'rzl8': 72.13, 'rzl9': 94.35, 'rzl4': 62.9, 'rzl5': 69.26, 'rzl6': 79.48, 'rzl7': 70.16, 'rzl1': 83.04, 'rzl2': 55.82, 'rzl3': 66.85, 'yearRzl': 70.59, 'halfYearRzl': 71.88, 'rzl12': 40.14, 'rzl10': 83.89, 'rzl11': 70.61}, 'roomPrice': {'meanPrice': 0.0, 'medianPrice': 0.0}, 'companyName': u'\u91cd\u5e86\u5b89\u901a\u5bbe\u9986\u6709\u9650\u516c\u53f8'}}]
2018-04-09 15:34:09,109 - INFO - ['hotel requests', {'2018/04/09': 1}]
2018-04-09 15:34:11,317 - INFO - ['hotel requests', {'2018/04/09': 2}]
2018-04-09 15:35:09,241 - INFO - ['hotel requests', {'2018/04/09': 1}]
2018-04-09 15:35:10,475 - INFO - ['hotel requests success', {'message': 'SUCCESS', 'code': 200, 'data': {'matchingType': 1, 'enterpriseInfo': {'hotelTaxIllegal': 0, 'hotelLitigation': 0, 'legalpersonChange': 0, 'hotelPunish': 0, 'shareholderChange': 0}, 'ruzhulvMean': {'rzl8': 72.13, 'rzl9': 94.35, 'rzl4': 62.9, 'rzl5': 69.26, 'rzl6': 79.48, 'rzl7': 70.16, 'rzl1': 83.04, 'rzl2': 55.82, 'rzl3': 66.85, 'yearRzl': 70.59, 'halfYearRzl': 71.88, 'rzl12': 40.14, 'rzl10': 83.89, 'rzl11': 70.61}, 'roomPrice': {'meanPrice': 0.0, 'medianPrice': 0.0}, 'companyName': u'\u91cd\u5e86\u5b89\u901a\u5bbe\u9986\u6709\u9650\u516c\u53f8'}}]
2018-04-09 15:36:52,633 - INFO - ['hotel requests', {'2018/04/09': 1}]
2018-04-09 15:36:54,793 - INFO - ['hotel requests success', {'message': 'SUCCESS', 'code': 200, 'data': {'matchingType': 1, 'enterpriseInfo': {'hotelTaxIllegal': 0, 'hotelLitigation': 0, 'legalpersonChange': 0, 'hotelPunish': 0, 'shareholderChange': 0}, 'ruzhulvMean': {'rzl8': 72.13, 'rzl9': 94.35, 'rzl4': 62.9, 'rzl5': 69.26, 'rzl6': 79.48, 'rzl7': 70.16, 'rzl1': 83.04, 'rzl2': 55.82, 'rzl3': 66.85, 'yearRzl': 70.59, 'halfYearRzl': 71.88, 'rzl12': 40.14, 'rzl10': 83.89, 'rzl11': 70.61}, 'roomPrice': {'meanPrice': 0.0, 'medianPrice': 0.0}, 'companyName': u'\u91cd\u5e86\u5b89\u901a\u5bbe\u9986\u6709\u9650\u516c\u53f8'}}]
2018-04-09 15:44:41,421 - INFO - ['hotel requests', {'2018/04/09': 1}]
2018-04-09 15:44:43,439 - INFO - ['hotel requests success', {'message': 'SUCCESS', 'code': 200, 'data': {'matchingType': 1, 'enterpriseInfo': {'hotelTaxIllegal': 0, 'hotelLitigation': 0, 'legalpersonChange': 0, 'hotelPunish': 0, 'shareholderChange': 0}, 'ruzhulvMean': {'rzl8': 72.13, 'rzl9': 94.35, 'rzl4': 62.9, 'rzl5': 69.26, 'rzl6': 79.48, 'rzl7': 70.16, 'rzl1': 83.04, 'rzl2': 55.82, 'rzl3': 66.85, 'yearRzl': 70.59, 'halfYearRzl': 71.88, 'rzl12': 40.14, 'rzl10': 83.89, 'rzl11': 70.61}, 'roomPrice': {'meanPrice': 0.0, 'medianPrice': 0.0}, 'companyName': u'\u91cd\u5e86\u5b89\u901a\u5bbe\u9986\u6709\u9650\u516c\u53f8'}}]
