2018-04-11 10:38:29,491 - INFO - 服务已经启动...
2018-04-11 10:38:52,410 - INFO - ['hotel requests', {'2018/04/11': 1}]
2018-04-11 10:38:54,995 - INFO - ['hotel requests success', {'message': 'SUCCESS', 'code': 200, 'data': {'matchingType': 1, 'enterpriseInfo': {'hotelTaxIllegal': 0, 'hotelLitigation': 0, 'legalpersonChange': 0, 'hotelPunish': 0, 'shareholderChange': 0}, 'ruzhulvMean': {'rzl8': 83.89, 'rzl9': 70.61, 'rzl4': 79.48, 'rzl5': 70.16, 'rzl6': 72.13, 'rzl7': 94.35, 'rzl1': 66.85, 'rzl2': 62.9, 'rzl3': 69.26, 'yearRzl': 66.64, 'halfYearRzl': 63.39, 'rzl12': 47.67, 'rzl10': 40.14, 'rzl11': 43.7}, 'roomPrice': {'meanPrice': 0.0, 'medianPrice': 0.0}, 'companyName': u'\u91cd\u5e86\u5b89\u901a\u5bbe\u9986\u6709\u9650\u516c\u53f8'}}]
2018-04-11 11:48:08,511 - INFO - 服务已经启动...
2018-04-11 11:48:10,509 - INFO - ['hotel requests', {'2018/04/11': 1}]
2018-04-11 11:48:12,910 - INFO - ['hotel requests success', {'message': 'SUCCESS', 'code': 200, 'data': {'matchingType': 1, 'enterpriseInfo': {'hotelTaxIllegal': 0, 'hotelLitigation': 0, 'legalpersonChange': 0, 'hotelPunish': 0, 'shareholderChange': 0}, 'ruzhulvMean': {'rzl8': 83.89, 'rzl9': 70.61, 'rzl4': 79.48, 'rzl5': 70.16, 'rzl6': 72.13, 'rzl7': 94.35, 'rzl1': 66.85, 'rzl2': 62.9, 'rzl3': 69.26, 'yearRzl': 66.64, 'halfYearRzl': 63.39, 'rzl12': 47.67, 'rzl10': 40.14, 'rzl11': 43.7}, 'roomPrice': {'meanPrice': 0.0, 'medianPrice': 0.0}, 'companyName': u'\u91cd\u5e86\u5b89\u901a\u5bbe\u9986\u6709\u9650\u516c\u53f8'}}]
2018-04-11 11:48:26,565 - INFO - 服务已经启动...
2018-04-11 11:48:28,729 - INFO - ['hotel requests', {'2018/04/11': 1}]
2018-04-11 11:48:30,572 - INFO - ['hotel requests success', {'message': 'SUCCESS', 'code': 200, 'data': {'matchingType': 1, 'enterpriseInfo': {'hotelTaxIllegal': 0, 'hotelLitigation': 0, 'legalpersonChange': 0, 'hotelPunish': 0, 'shareholderChange': 0}, 'ruzhulvMean': {'rzl8': 83.89, 'rzl9': 70.61, 'rzl4': 79.48, 'rzl5': 70.16, 'rzl6': 72.13, 'rzl7': 94.35, 'rzl1': 66.85, 'rzl2': 62.9, 'rzl3': 69.26, 'yearRzl': 66.64, 'halfYearRzl': 63.39, 'rzl12': 47.67, 'rzl10': 40.14, 'rzl11': 43.7}, 'roomPrice': {'meanPrice': 0.0, 'medianPrice': 0.0}, 'companyName': u'\u91cd\u5e86\u5b89\u901a\u5bbe\u9986\u6709\u9650\u516c\u53f8'}}]
2018-04-11 11:49:33,589 - INFO - 服务已经启动...
2018-04-11 11:50:12,409 - INFO - ['hotel requests', {'2018/04/11': 1}]
2018-04-11 11:50:13,993 - INFO - ['hotel requests success', {'message': 'SUCCESS', 'code': 200, 'data': {'matchingType': 1, 'enterpriseInfo': {'hotelTaxIllegal': 0, 'hotelLitigation': 0, 'legalpersonChange': 0, 'hotelPunish': 0, 'shareholderChange': 0}, 'ruzhulvMean': {'rzl8': 83.89, 'rzl9': 70.61, 'rzl4': 79.48, 'rzl5': 70.16, 'rzl6': 72.13, 'rzl7': 94.35, 'rzl1': 66.85, 'rzl2': 62.9, 'rzl3': 69.26, 'yearRzl': 66.64, 'halfYearRzl': 63.39, 'rzl12': 47.67, 'rzl10': 40.14, 'rzl11': 43.7}, 'roomPrice': {'meanPrice': 0.0, 'medianPrice': 0.0}, 'companyName': u'\u91cd\u5e86\u5b89\u901a\u5bbe\u9986\u6709\u9650\u516c\u53f8'}}]
2018-04-11 11:52:30,462 - INFO - ['hotel requests', {'2018/04/11': 1}]
2018-04-11 11:52:31,679 - INFO - ['hotel requests success', {'message': 'SUCCESS', 'code': 200, 'data': {'matchingType': 1, 'enterpriseInfo': {'hotelTaxIllegal': 0, 'hotelLitigation': 0, 'legalpersonChange': 0, 'hotelPunish': 0, 'shareholderChange': 0}, 'ruzhulvMean': {'rzl8': 83.89, 'rzl9': 70.61, 'rzl4': 79.48, 'rzl5': 70.16, 'rzl6': 72.13, 'rzl7': 94.35, 'rzl1': 66.85, 'rzl2': 62.9, 'rzl3': 69.26, 'yearRzl': 66.64, 'halfYearRzl': 63.39, 'rzl12': 47.67, 'rzl10': 40.14, 'rzl11': 43.7}, 'roomPrice': {'meanPrice': 0.0, 'medianPrice': 0.0}, 'companyName': u'\u91cd\u5e86\u5b89\u901a\u5bbe\u9986\u6709\u9650\u516c\u53f8'}}]
2018-04-11 13:54:31,790 - INFO - ['hotel requests', {'2018/04/11': 2}]
2018-04-11 13:54:33,324 - INFO - ['hotel requests success', {'message': 'SUCCESS', 'code': 200, 'data': {'matchingType': 1, 'enterpriseInfo': {'hotelTaxIllegal': 0, 'hotelLitigation': 0, 'legalpersonChange': 0, 'hotelPunish': 0, 'shareholderChange': 0}, 'ruzhulvMean': {'rzl8': 83.89, 'rzl9': 70.61, 'rzl4': 79.48, 'rzl5': 70.16, 'rzl6': 72.13, 'rzl7': 94.35, 'rzl1': 66.85, 'rzl2': 62.9, 'rzl3': 69.26, 'yearRzl': 66.64, 'halfYearRzl': 63.39, 'rzl12': 47.67, 'rzl10': 40.14, 'rzl11': 43.7}, 'roomPrice': {'meanPrice': 0.0, 'medianPrice': 0.0}, 'companyName': u'\u91cd\u5e86\u5b89\u901a\u5bbe\u9986\u6709\u9650\u516c\u53f8'}}]
2018-04-11 13:54:55,745 - INFO - ['hotel requests', {'2018/04/11': 3}]
2018-04-11 13:54:56,772 - INFO - ['hotel requests success', {'message': 'SUCCESS', 'code': 200, 'data': {'matchingType': 0, 'enterpriseInfo': {'hotelTaxIllegal': -1, 'hotelLitigation': -1, 'legalpersonChange': -1, 'hotelPunish': -1, 'shareholderChange': -1}, 'ruzhulvMean': {'rzl8': 100.0, 'rzl9': 100.0, 'rzl4': 100.0, 'rzl5': 100.0, 'rzl6': 100.0, 'rzl7': 100.0, 'rzl1': 100.0, 'rzl2': 100.0, 'rzl3': 100.0, 'yearRzl': 99.45, 'halfYearRzl': 100.0, 'rzl12': 100.0, 'rzl10': 100.0, 'rzl11': 100.0}, 'roomPrice': {'meanPrice': 0.0, 'medianPrice': 0.0}, 'companyName': ''}}]
2018-04-11 14:28:48,730 - INFO - ['hotel requests', {'2018/04/11': 4}]
2018-04-11 14:28:50,926 - INFO - ['hotel requests success', {'message': 'SUCCESS', 'code': 200, 'data': {'matchingType': 0, 'enterpriseInfo': {'hotelTaxIllegal': -1, 'hotelLitigation': -1, 'legalpersonChange': -1, 'hotelPunish': -1, 'shareholderChange': -1}, 'ruzhulvMean': {'rzl8': 100.0, 'rzl9': 98.92, 'rzl4': 100.0, 'rzl5': 100.0, 'rzl6': 100.0, 'rzl7': 100.0, 'rzl1': 100.0, 'rzl2': 100.0, 'rzl3': 100.0, 'yearRzl': 98.79, 'halfYearRzl': 98.68, 'rzl12': 99.14, 'rzl10': 95.27, 'rzl11': 98.72}, 'roomPrice': {'meanPrice': 0.0, 'medianPrice': 0.0}, 'companyName': ''}}]
2018-04-11 14:40:12,908 - INFO - ['hotel requests', {'2018/04/11': 5}]
2018-04-11 14:40:14,375 - INFO - ['hotel requests success', {'message': 'SUCCESS', 'code': 200, 'data': {'matchingType': 1, 'enterpriseInfo': {'hotelTaxIllegal': 0, 'hotelLitigation': 0, 'legalpersonChange': 0, 'hotelPunish': 0, 'shareholderChange': 0}, 'ruzhulvMean': {'rzl8': 100.0, 'rzl9': 100.0, 'rzl4': 100.0, 'rzl5': 100.0, 'rzl6': 100.0, 'rzl7': 100.0, 'rzl1': 100.0, 'rzl2': 100.0, 'rzl3': 100.0, 'yearRzl': 98.94, 'halfYearRzl': 98.8, 'rzl12': 100.0, 'rzl10': 100.0, 'rzl11': 92.82}, 'roomPrice': {'meanPrice': 0.0, 'medianPrice': 0.0}, 'companyName': u'\u6e1d\u4e2d\u533a\u661f\u8c6a\u9e3f\u8c6a\u7fd4\u9152\u5e97'}}]
2018-04-11 14:40:52,116 - INFO - ['hotel requests', {'2018/04/11': 6}]
2018-04-11 14:40:52,949 - INFO - ['hotel requests success', {'message': 'SUCCESS', 'code': 200, 'data': {'matchingType': 0, 'enterpriseInfo': {'hotelTaxIllegal': -1, 'hotelLitigation': -1, 'legalpersonChange': -1, 'hotelPunish': -1, 'shareholderChange': -1}, 'ruzhulvMean': {'rzl8': 100.0, 'rzl9': 100.0, 'rzl4': 100.0, 'rzl5': 100.0, 'rzl6': 100.0, 'rzl7': 100.0, 'rzl1': 100.0, 'rzl2': 100.0, 'rzl3': 100.0, 'yearRzl': 99.45, 'halfYearRzl': 100.0, 'rzl12': 100.0, 'rzl10': 100.0, 'rzl11': 100.0}, 'roomPrice': {'meanPrice': 0.0, 'medianPrice': 0.0}, 'companyName': ''}}]
2018-04-11 14:41:31,666 - INFO - ['hotel requests', {'2018/04/11': 7}]
2018-04-11 14:41:33,335 - INFO - ['hotel requests success', {'message': 'SUCCESS', 'code': 200, 'data': {'matchingType': 1, 'enterpriseInfo': {'hotelTaxIllegal': 0, 'hotelLitigation': 0, 'legalpersonChange': 0, 'hotelPunish': 0, 'shareholderChange': 0}, 'ruzhulvMean': {'rzl8': 100.0, 'rzl9': 100.0, 'rzl4': 100.0, 'rzl5': 100.0, 'rzl6': 100.0, 'rzl7': 100.0, 'rzl1': 100.0, 'rzl2': 100.0, 'rzl3': 100.0, 'yearRzl': 99.0, 'halfYearRzl': 100.0, 'rzl12': 100.0, 'rzl10': 100.0, 'rzl11': 100.0}, 'roomPrice': {'meanPrice': 0.0, 'medianPrice': 0.0}, 'companyName': u'\u6daa\u9675\u533a\u7c73\u5170\u98ce\u5c1a\u9152\u5e97'}}]
2018-04-11 14:42:38,054 - INFO - ['hotel requests', {'2018/04/11': 8}]
2018-04-11 14:42:39,271 - INFO - ['hotel requests success', {'message': 'SUCCESS', 'code': 200, 'data': {'matchingType': 1, 'enterpriseInfo': {'hotelTaxIllegal': 0, 'hotelLitigation': 0, 'legalpersonChange': 0, 'hotelPunish': 0, 'shareholderChange': 0}, 'ruzhulvMean': {'rzl8': 100.0, 'rzl9': 100.0, 'rzl4': 100.0, 'rzl5': 100.0, 'rzl6': 100.0, 'rzl7': 100.0, 'rzl1': 100.0, 'rzl2': 100.0, 'rzl3': 100.0, 'yearRzl': 99.0, 'halfYearRzl': 100.0, 'rzl12': 100.0, 'rzl10': 100.0, 'rzl11': 100.0}, 'roomPrice': {'meanPrice': 0.0, 'medianPrice': 0.0}, 'companyName': u'\u6daa\u9675\u533a\u7c73\u5170\u98ce\u5c1a\u9152\u5e97'}}]
2018-04-11 14:43:21,813 - INFO - ['hotel requests', {'2018/04/11': 9}]
2018-04-11 14:43:21,813 - INFO - {'message': u'\u53c2\u6570hotelId\u8f93\u5165\u9519\u8bef', 'code': 4002, 'data': None}
2018-04-11 14:43:48,935 - INFO - ['hotel requests', {'2018/04/11': 10}]
2018-04-11 14:43:48,935 - INFO - {'message': u'\u53c2\u6570hotelId\u8f93\u5165\u9519\u8bef', 'code': 4002, 'data': None}
2018-04-11 14:45:04,391 - INFO - ['hotel requests', {'2018/04/11': 11}]
2018-04-11 14:45:04,391 - INFO - {'message': u'\u53c2\u6570hotelId\u8f93\u5165\u9519\u8bef', 'code': 4002, 'data': None}
2018-04-11 14:45:54,568 - INFO - ['hotel requests', {'2018/04/11': 12}]
2018-04-11 14:45:58,053 - INFO - ['hotel requests success', {'message': 'SUCCESS', 'code': 200, 'data': {'matchingType': 1, 'enterpriseInfo': {'hotelTaxIllegal': 0, 'hotelLitigation': 0, 'legalpersonChange': 0, 'hotelPunish': 0, 'shareholderChange': 0}, 'ruzhulvMean': {'rzl8': 98.67, 'rzl9': 100.0, 'rzl4': 98.71, 'rzl5': 100.0, 'rzl6': 99.33, 'rzl7': 100.0, 'rzl1': 100.0, 'rzl2': 98.71, 'rzl3': 100.0, 'yearRzl': 98.63, 'halfYearRzl': 98.92, 'rzl12': 99.35, 'rzl10': 95.48, 'rzl11': 100.0}, 'roomPrice': {'meanPrice': 0.0, 'medianPrice': 0.0}, 'companyName': u'\u6c38\u5ddd\u533a\u5185\u73af\u5357\u8def\u68a6\u4e61\u65c5\u9986'}}]
2018-04-11 14:46:35,560 - INFO - ['hotel requests', {'2018/04/11': 13}]
2018-04-11 14:46:37,011 - INFO - ['hotel requests success', {'message': 'SUCCESS', 'code': 200, 'data': {'matchingType': 1, 'enterpriseInfo': {'hotelTaxIllegal': 0, 'hotelLitigation': 0, 'legalpersonChange': 0, 'hotelPunish': 0, 'shareholderChange': 0}, 'ruzhulvMean': {'rzl8': 100.0, 'rzl9': 99.57, 'rzl4': 100.0, 'rzl5': 100.0, 'rzl6': 100.0, 'rzl7': 99.89, 'rzl1': 100.0, 'rzl2': 99.57, 'rzl3': 100.0, 'yearRzl': 98.5, 'halfYearRzl': 97.93, 'rzl12': 98.92, 'rzl10': 99.68, 'rzl11': 89.49}, 'roomPrice': {'meanPrice': 0.0, 'medianPrice': 0.0}, 'companyName': u'\u91cd\u5e86\u957f\u57ce\u5bbe\u9986'}}]
2018-04-11 14:47:19,469 - INFO - ['hotel requests', {'2018/04/11': 14}]
2018-04-11 14:47:20,719 - INFO - ['hotel requests success', {'message': 'SUCCESS', 'code': 200, 'data': {'matchingType': 1, 'enterpriseInfo': {'hotelTaxIllegal': 0, 'hotelLitigation': 0, 'legalpersonChange': 0, 'hotelPunish': 0, 'shareholderChange': 0}, 'ruzhulvMean': {'rzl8': 100.0, 'rzl9': 99.57, 'rzl4': 100.0, 'rzl5': 100.0, 'rzl6': 100.0, 'rzl7': 99.89, 'rzl1': 100.0, 'rzl2': 99.57, 'rzl3': 100.0, 'yearRzl': 98.5, 'halfYearRzl': 97.93, 'rzl12': 98.92, 'rzl10': 99.68, 'rzl11': 89.49}, 'roomPrice': {'meanPrice': 0.0, 'medianPrice': 0.0}, 'companyName': u'\u91cd\u5e86\u957f\u57ce\u5bbe\u9986'}}]
2018-04-11 14:47:43,782 - INFO - ['hotel requests', {'2018/04/11': 15}]
2018-04-11 14:47:43,783 - ERROR - {'message': u'\u53c2\u6570hotelId\u8f93\u5165\u9519\u8bef', 'code': 4003, 'data': None}
2018-04-11 14:48:29,725 - INFO - ['hotel requests', {'2018/04/11': 16}]
2018-04-11 14:48:29,725 - ERROR - {'message': u'\u53c2\u6570hotelId\u8f93\u5165\u9519\u8bef', 'code': 4003, 'data': None}
2018-04-11 14:49:00,539 - INFO - ['hotel requests', {'2018/04/11': 17}]
2018-04-11 14:49:00,539 - ERROR - {'message': u'\u53c2\u6570hotelId\u8f93\u5165\u9519\u8bef', 'code': 4003, 'data': None}
2018-04-11 14:49:02,373 - INFO - ['hotel requests', {'2018/04/11': 18}]
2018-04-11 14:49:03,590 - INFO - ['hotel requests success', {'message': 'SUCCESS', 'code': 200, 'data': {'matchingType': 1, 'enterpriseInfo': {'hotelTaxIllegal': 0, 'hotelLitigation': 0, 'legalpersonChange': 0, 'hotelPunish': 0, 'shareholderChange': 0}, 'ruzhulvMean': {'rzl8': 100.0, 'rzl9': 99.57, 'rzl4': 100.0, 'rzl5': 100.0, 'rzl6': 100.0, 'rzl7': 99.89, 'rzl1': 100.0, 'rzl2': 99.57, 'rzl3': 100.0, 'yearRzl': 98.5, 'halfYearRzl': 97.93, 'rzl12': 98.92, 'rzl10': 99.68, 'rzl11': 89.49}, 'roomPrice': {'meanPrice': 0.0, 'medianPrice': 0.0}, 'companyName': u'\u91cd\u5e86\u957f\u57ce\u5bbe\u9986'}}]
2018-04-11 14:49:51,466 - INFO - ['hotel requests', {'2018/04/11': 19}]
2018-04-11 14:49:51,466 - ERROR - {'message': u'\u53c2\u6570hotelId\u8f93\u5165\u9519\u8bef', 'code': 4003, 'data': None}
2018-04-11 14:49:56,433 - INFO - ['hotel requests', {'2018/04/11': 20}]
2018-04-11 14:49:57,726 - INFO - ['hotel requests success', {'message': 'SUCCESS', 'code': 200, 'data': {'matchingType': 1, 'enterpriseInfo': {'hotelTaxIllegal': 0, 'hotelLitigation': 0, 'legalpersonChange': 0, 'hotelPunish': 0, 'shareholderChange': 0}, 'ruzhulvMean': {'rzl8': 100.0, 'rzl9': 99.57, 'rzl4': 100.0, 'rzl5': 100.0, 'rzl6': 100.0, 'rzl7': 99.89, 'rzl1': 100.0, 'rzl2': 99.57, 'rzl3': 100.0, 'yearRzl': 98.5, 'halfYearRzl': 97.93, 'rzl12': 98.92, 'rzl10': 99.68, 'rzl11': 89.49}, 'roomPrice': {'meanPrice': 0.0, 'medianPrice': 0.0}, 'companyName': u'\u91cd\u5e86\u957f\u57ce\u5bbe\u9986'}}]
2018-04-11 14:50:20,571 - INFO - ['hotel requests', {'2018/04/11': 21}]
2018-04-11 14:50:24,430 - INFO - ['hotel requests', {'2018/04/11': 22}]
2018-04-11 14:57:51,834 - INFO - 服务已经启动...
2018-04-11 14:58:12,665 - INFO - ['hotel requests', {'2018/04/11': 1}]
2018-04-11 14:58:19,959 - INFO - ['hotel requests', {'2018/04/11': 2}]
2018-04-11 14:58:27,152 - INFO - ['hotel requests', {'2018/04/11': 3}]
2018-04-11 14:58:28,377 - INFO - ['hotel requests success', {'message': 'SUCCESS', 'code': 200, 'data': {'matchingType': 1, 'enterpriseInfo': {'hotelTaxIllegal': 0, 'hotelLitigation': 0, 'legalpersonChange': 0, 'hotelPunish': 0, 'shareholderChange': 0}, 'ruzhulvMean': {'rzl8': 83.89, 'rzl9': 70.61, 'rzl4': 79.48, 'rzl5': 70.16, 'rzl6': 72.13, 'rzl7': 94.35, 'rzl1': 66.85, 'rzl2': 62.9, 'rzl3': 69.26, 'yearRzl': 66.64, 'halfYearRzl': 63.39, 'rzl12': 47.67, 'rzl10': 40.14, 'rzl11': 43.7}, 'roomPrice': {'meanPrice': 0.0, 'medianPrice': 0.0}, 'companyName': u'\u91cd\u5e86\u5b89\u901a\u5bbe\u9986\u6709\u9650\u516c\u53f8'}}]
2018-04-11 15:04:23,923 - INFO - ['hotel requests', {'2018/04/11': 1}]
2018-04-11 15:04:25,774 - INFO - ['hotel requests success', {'message': 'SUCCESS', 'code': 200, 'data': {'matchingType': 1, 'enterpriseInfo': {'hotelTaxIllegal': 0, 'hotelLitigation': 0, 'legalpersonChange': 0, 'hotelPunish': 0, 'shareholderChange': 0}, 'ruzhulvMean': {'rzl8': 83.89, 'rzl9': 70.61, 'rzl4': 79.48, 'rzl5': 70.16, 'rzl6': 72.13, 'rzl7': 94.35, 'rzl1': 66.85, 'rzl2': 62.9, 'rzl3': 69.26, 'yearRzl': 66.64, 'halfYearRzl': 63.39, 'rzl12': 47.67, 'rzl10': 40.14, 'rzl11': 43.7}, 'roomPrice': {'meanPrice': 0.0, 'medianPrice': 0.0}, 'companyName': u'\u91cd\u5e86\u5b89\u901a\u5bbe\u9986\u6709\u9650\u516c\u53f8'}}]
2018-04-11 15:38:48,179 - INFO - ['hotel requests', {'2018/04/11': 2}]
2018-04-11 15:54:21,101 - INFO - ['hotel requests', {'2018/04/11': 3}]
2018-04-11 15:54:23,718 - INFO - ['hotel requests', {'2018/04/11': 4}]
2018-04-11 15:54:38,121 - INFO - ['person requests', {'2018/04/11': 1}]
2018-04-11 15:54:38,123 - ERROR - {'message': u'\u53c2\u6570name\u3001idCard\u3001cellphone\u4e3a\u5fc5\u586b', 'code': 40002, 'data': None}
2018-04-11 15:54:40,388 - INFO - ['person requests', {'2018/04/11': 2}]
2018-04-11 15:54:40,389 - ERROR - {'message': u'\u53c2\u6570name\u3001idCard\u3001cellphone\u4e3a\u5fc5\u586b', 'code': 40002, 'data': None}
2018-04-11 15:55:25,722 - INFO - ['person requests', {'2018/04/11': 3}]
2018-04-11 15:55:26,783 - INFO - ['person requests success', {'message': 'SUCCESS', 'code': 200, 'data': {'weekLoanSmall': 1, 'weekLoanP2P': 2, 'threeMonCountSum': 14, 'threeMonthLoanSmall': 3, 'monCountSum': 5, 'monthLoanSmall': 1, 'monthLoanP2P': 3, 'weekCountSum': 3, 'threeMonthLoanP2P': 7}}]
2018-04-11 16:19:14,226 - INFO - ['person requests', {'2018/04/11': 4}]
2018-04-11 16:19:19,436 - INFO - ['person requests success', {'message': 'SUCCESS', 'code': 200, 'data': {'weekLoanSmall': 0, 'weekLoanP2P': 0, 'threeMonCountSum': 0, 'threeMonthLoanSmall': 0, 'monCountSum': 0, 'monthLoanSmall': 0, 'monthLoanP2P': 0, 'weekCountSum': 0, 'threeMonthLoanP2P': 0}}]
2018-04-11 16:19:44,549 - INFO - ['person requests', {'2018/04/11': 5}]
2018-04-11 16:19:49,918 - INFO - ['person requests success', {'message': 'SUCCESS', 'code': 200, 'data': {'weekLoanSmall': 0, 'weekLoanP2P': 0, 'threeMonCountSum': 0, 'threeMonthLoanSmall': 0, 'monCountSum': 0, 'monthLoanSmall': 0, 'monthLoanP2P': 0, 'weekCountSum': 0, 'threeMonthLoanP2P': 0}}]
2018-04-11 16:26:51,736 - INFO - ['person requests', {'2018/04/11': 6}]
2018-04-11 16:26:57,613 - INFO - ['person requests success', {'message': 'SUCCESS', 'code': 200, 'data': {'weekLoanSmall': 0, 'weekLoanP2P': 0, 'threeMonCountSum': 2, 'threeMonthLoanSmall': 0, 'monCountSum': 0, 'monthLoanSmall': 0, 'monthLoanP2P': 0, 'weekCountSum': 0, 'threeMonthLoanP2P': 1}}]
2018-04-11 16:34:37,462 - INFO - ['hotel requests', {'2018/04/11': 5}]
2018-04-11 16:34:38,980 - INFO - ['hotel requests success', {'message': 'SUCCESS', 'code': 200, 'data': {'matchingType': 1, 'enterpriseInfo': {'hotelTaxIllegal': 0, 'hotelLitigation': 0, 'legalpersonChange': 0, 'hotelPunish': 0, 'shareholderChange': 0}, 'ruzhulvMean': {'rzl8': 83.89, 'rzl9': 70.61, 'rzl4': 79.48, 'rzl5': 70.16, 'rzl6': 72.13, 'rzl7': 94.35, 'rzl1': 66.85, 'rzl2': 62.9, 'rzl3': 69.26, 'yearRzl': 66.64, 'halfYearRzl': 63.39, 'rzl12': 47.67, 'rzl10': 40.14, 'rzl11': 43.7}, 'roomPrice': {'meanPrice': 0.0, 'medianPrice': 0.0}, 'companyName': u'\u91cd\u5e86\u5b89\u901a\u5bbe\u9986\u6709\u9650\u516c\u53f8'}}]
2018-04-11 16:34:58,158 - INFO - ['hotel requests', {'2018/04/11': 6}]
2018-04-11 16:34:59,759 - INFO - ['hotel requests success', {'message': 'SUCCESS', 'code': 200, 'data': {'matchingType': 1, 'enterpriseInfo': {'hotelTaxIllegal': 0, 'hotelLitigation': 0, 'legalpersonChange': 0, 'hotelPunish': 0, 'shareholderChange': 0}, 'ruzhulvMean': {'rzl8': 83.89, 'rzl9': 70.61, 'rzl4': 79.48, 'rzl5': 70.16, 'rzl6': 72.13, 'rzl7': 94.35, 'rzl1': 66.85, 'rzl2': 62.9, 'rzl3': 69.26, 'yearRzl': 66.64, 'halfYearRzl': 63.39, 'rzl12': 47.67, 'rzl10': 40.14, 'rzl11': 43.7}, 'roomPrice': {'meanPrice': 0.0, 'medianPrice': 0.0}, 'companyName': u'\u91cd\u5e86\u5b89\u901a\u5bbe\u9986\u6709\u9650\u516c\u53f8'}}]
2018-04-11 16:35:58,170 - INFO - ['hotel requests', {'2018/04/11': 7}]
2018-04-11 16:35:59,705 - INFO - ['hotel requests success', {'message': 'SUCCESS', 'code': 200, 'data': {'matchingType': 1, 'enterpriseInfo': {'hotelTaxIllegal': 0, 'hotelLitigation': 0, 'legalpersonChange': 0, 'hotelPunish': 0, 'shareholderChange': 0}, 'ruzhulvMean': {'rzl8': 83.89, 'rzl9': 70.61, 'rzl4': 79.48, 'rzl5': 70.16, 'rzl6': 72.13, 'rzl7': 94.35, 'rzl1': 66.85, 'rzl2': 62.9, 'rzl3': 69.26, 'yearRzl': 66.64, 'halfYearRzl': 63.39, 'rzl12': 47.67, 'rzl10': 40.14, 'rzl11': 43.7}, 'roomPrice': {'meanPrice': 0.0, 'medianPrice': 0.0}, 'companyName': u'\u91cd\u5e86\u5b89\u901a\u5bbe\u9986\u6709\u9650\u516c\u53f8'}}]
2018-04-11 16:39:51,575 - INFO - ['hotel requests', {'2018/04/11': 8}]
2018-04-11 16:39:53,701 - INFO - ['hotel requests success', {'message': 'SUCCESS', 'code': 200, 'data': {'matchingType': 1, 'enterpriseInfo': {'hotelTaxIllegal': 0, 'hotelLitigation': 0, 'legalpersonChange': 0, 'hotelPunish': 0, 'shareholderChange': 0}, 'ruzhulvMean': {'rzl8': 83.89, 'rzl9': 70.61, 'rzl4': 79.48, 'rzl5': 70.16, 'rzl6': 72.13, 'rzl7': 94.35, 'rzl1': 66.85, 'rzl2': 62.9, 'rzl3': 69.26, 'yearRzl': 66.64, 'halfYearRzl': 63.39, 'rzl12': 47.67, 'rzl10': 40.14, 'rzl11': 43.7}, 'roomPrice': {'meanPrice': 0.0, 'medianPrice': 0.0}, 'companyName': u'\u91cd\u5e86\u5b89\u901a\u5bbe\u9986\u6709\u9650\u516c\u53f8'}}]
2018-04-11 16:41:31,749 - INFO - ['person requests', {'2018/04/11': 7}]
2018-04-11 16:41:31,749 - ERROR - {'message': u'\u8eab\u4efd\u8bc1\u6216\u624b\u673a\u53f7\u6709\u8bef', 'code': 40005, 'data': None}
2018-04-11 16:43:04,671 - INFO - ['person requests', {'2018/04/11': 8}]
2018-04-11 16:43:06,438 - ERROR - {'message': u'\u59d3\u540d\u8eab\u4efd\u8bc1\u7535\u8bdd\u53f7\u7801\u5339\u914d\u5931\u8d25', 'code': 40005, 'data': None}
2018-04-11 16:47:24,232 - INFO - ['person requests', {'2018/04/11': 9}]
2018-04-11 16:47:30,292 - ERROR - {'message': u'\u59d3\u540d\u8eab\u4efd\u8bc1\u7535\u8bdd\u53f7\u7801\u4e09\u8981\u7d20\u9a8c\u8bc1\u672a\u77e5', 'code': 40005, 'data': None}
2018-04-11 16:48:08,516 - INFO - ['person requests', {'2018/04/11': 10}]
2018-04-11 16:48:14,300 - INFO - ['person requests success', {'message': 'SUCCESS', 'code': 200, 'data': {'weekLoanSmall': 0, 'weekLoanP2P': 0, 'threeMonCountSum': 2, 'threeMonthLoanSmall': 0, 'monCountSum': 0, 'monthLoanSmall': 0, 'monthLoanP2P': 0, 'weekCountSum': 0, 'threeMonthLoanP2P': 1}}]
2018-04-11 16:50:21,042 - INFO - ['person requests', {'2018/04/11': 11}]
2018-04-11 16:50:23,117 - ERROR - {'message': u'\u59d3\u540d\u8eab\u4efd\u8bc1\u7535\u8bdd\u53f7\u7801\u5339\u914d\u5931\u8d25', 'code': 40005, 'data': None}
2018-04-11 16:50:55,708 - INFO - ['person requests', {'2018/04/11': 12}]
2018-04-11 16:51:01,150 - INFO - ['person requests success', {'message': 'SUCCESS', 'code': 200, 'data': {'weekLoanSmall': 0, 'weekLoanP2P': 1, 'threeMonCountSum': 4, 'threeMonthLoanSmall': 0, 'monCountSum': 2, 'monthLoanSmall': 0, 'monthLoanP2P': 1, 'weekCountSum': 2, 'threeMonthLoanP2P': 1}}]
2018-04-11 16:58:39,300 - INFO - ['person requests', {'2018/04/11': 13}]
2018-04-11 16:58:39,301 - ERROR - {'message': u'\u53c2\u6570name\u3001idCard\u3001cellphone\u4e3a\u5fc5\u586b', 'code': 40002, 'data': None}
2018-04-11 17:00:43,986 - INFO - ['person requests', {'2018/04/11': 14}]
2018-04-11 17:00:44,345 - INFO - ['person requests success', {'message': 'SUCCESS', 'code': 200, 'data': {'weekLoanSmall': 0, 'weekLoanP2P': 1, 'threeMonCountSum': 4, 'threeMonthLoanSmall': 0, 'monCountSum': 2, 'monthLoanSmall': 0, 'monthLoanP2P': 1, 'weekCountSum': 2, 'threeMonthLoanP2P': 1}}]
2018-04-11 17:00:48,680 - INFO - ['person requests', {'2018/04/11': 15}]
2018-04-11 17:00:48,681 - ERROR - {'message': u'\u53c2\u6570name\u3001idCard\u3001cellphone\u4e3a\u5fc5\u586b', 'code': 40002, 'data': None}
2018-04-11 17:01:22,550 - INFO - ['person requests', {'2018/04/11': 16}]
2018-04-11 17:01:22,551 - ERROR - {'message': u'\u8eab\u4efd\u8bc1\u6216\u624b\u673a\u53f7\u6709\u8bef', 'code': 40005, 'data': None}
2018-04-11 17:02:23,410 - INFO - ['person requests', {'2018/04/11': 17}]
2018-04-11 17:02:24,944 - ERROR - {'message': u'\u59d3\u540d\u8eab\u4efd\u8bc1\u7535\u8bdd\u53f7\u7801\u5339\u914d\u5931\u8d25', 'code': 40005, 'data': None}
2018-04-11 17:06:35,582 - INFO - ['hotel requests', {'2018/04/11': 9}]
2018-04-11 17:06:37,324 - INFO - ['hotel requests success', {'message': 'SUCCESS', 'code': 200, 'data': {'matchingType': 1, 'enterpriseInfo': {'hotelTaxIllegal': 0, 'hotelLitigation': 0, 'legalpersonChange': 0, 'hotelPunish': 0, 'shareholderChange': 0}, 'ruzhulvMean': {'rzl8': 83.89, 'rzl9': 70.61, 'rzl4': 79.48, 'rzl5': 70.16, 'rzl6': 72.13, 'rzl7': 94.35, 'rzl1': 66.85, 'rzl2': 62.9, 'rzl3': 69.26, 'yearRzl': 66.64, 'halfYearRzl': 63.39, 'rzl12': 47.67, 'rzl10': 40.14, 'rzl11': 43.7}, 'roomPrice': {'meanPrice': 0.0, 'medianPrice': 0.0}, 'companyName': u'\u91cd\u5e86\u5b89\u901a\u5bbe\u9986\u6709\u9650\u516c\u53f8'}}]
2018-04-11 17:14:19,320 - INFO - ['hotel requests', {'2018/04/11': 10}]
2018-04-11 17:14:20,704 - INFO - ['hotel requests success', {'message': 'SUCCESS', 'code': 200, 'data': {'matchingType': 1, 'enterpriseInfo': {'hotelTaxIllegal': 0, 'hotelLitigation': 0, 'legalpersonChange': 0, 'hotelPunish': 0, 'shareholderChange': 0}, 'ruzhulvMean': {'rzl8': 83.89, 'rzl9': 70.61, 'rzl4': 79.48, 'rzl5': 70.16, 'rzl6': 72.13, 'rzl7': 94.35, 'rzl1': 66.85, 'rzl2': 62.9, 'rzl3': 69.26, 'yearRzl': 66.64, 'halfYearRzl': 63.39, 'rzl12': 47.67, 'rzl10': 40.14, 'rzl11': 43.7}, 'roomPrice': {'meanPrice': 0.0, 'medianPrice': 0.0}, 'companyName': u'\u91cd\u5e86\u5b89\u901a\u5bbe\u9986\u6709\u9650\u516c\u53f8'}}]
2018-04-11 17:14:58,269 - INFO - ['hotel requests', {'2018/04/11': 11}]
2018-04-11 17:14:59,294 - INFO - ['hotel requests success', {'message': 'SUCCESS', 'code': 200, 'data': {'matchingType': 1, 'enterpriseInfo': {'hotelTaxIllegal': 0, 'hotelLitigation': 0, 'legalpersonChange': 0, 'hotelPunish': 0, 'shareholderChange': 0}, 'ruzhulvMean': {'rzl8': 83.89, 'rzl9': 70.61, 'rzl4': 79.48, 'rzl5': 70.16, 'rzl6': 72.13, 'rzl7': 94.35, 'rzl1': 66.85, 'rzl2': 62.9, 'rzl3': 69.26, 'yearRzl': 66.64, 'halfYearRzl': 63.39, 'rzl12': 47.67, 'rzl10': 40.14, 'rzl11': 43.7}, 'roomPrice': {'meanPrice': 0.0, 'medianPrice': 0.0}, 'companyName': u'\u91cd\u5e86\u5b89\u901a\u5bbe\u9986\u6709\u9650\u516c\u53f8'}}]
2018-04-11 17:15:44,136 - INFO - ['hotel requests', {'2018/04/11': 12}]
2018-04-11 17:15:44,136 - ERROR - {'message': u'\u53c2\u6570hotelId\u8f93\u5165\u9519\u8bef', 'code': 4003, 'data': None}
2018-04-11 17:16:18,574 - INFO - ['hotel requests', {'2018/04/11': 13}]
2018-04-11 17:16:18,575 - ERROR - {'message': u'\u53c2\u6570hotelId\u8f93\u5165\u9519\u8bef', 'code': 4003, 'data': None}
2018-04-12 09:48:45,547 - INFO - ['hotel requests', {'2018/04/12': 1, '2018/04/11': 13}]
2018-04-12 09:48:46,814 - INFO - ['hotel requests success', {'message': 'SUCCESS', 'code': 200, 'data': {'matchingType': 1, 'enterpriseInfo': {'hotelTaxIllegal': 0, 'hotelLitigation': 0, 'legalpersonChange': 0, 'hotelPunish': 0, 'shareholderChange': 0}, 'ruzhulvMean': {'rzl8': 83.89, 'rzl9': 70.61, 'rzl4': 79.48, 'rzl5': 70.16, 'rzl6': 72.13, 'rzl7': 94.35, 'rzl1': 66.85, 'rzl2': 62.9, 'rzl3': 69.26, 'yearRzl': 66.64, 'halfYearRzl': 63.39, 'rzl12': 47.67, 'rzl10': 40.14, 'rzl11': 43.7}, 'roomPrice': {'meanPrice': 0.0, 'medianPrice': 0.0}, 'companyName': u'\u91cd\u5e86\u5b89\u901a\u5bbe\u9986\u6709\u9650\u516c\u53f8'}}]
2018-04-12 10:07:43,062 - INFO - ['hotel requests', {'2018/04/12': 2, '2018/04/11': 13}]
2018-04-12 10:07:43,062 - ERROR - {'message': u'\u53c2\u6570hotelId\u8f93\u5165\u9519\u8bef', 'code': 4003, 'data': None}
2018-04-12 10:07:47,471 - INFO - ['hotel requests', {'2018/04/12': 3, '2018/04/11': 13}]
2018-04-12 10:07:48,972 - INFO - ['hotel requests success', {'message': 'SUCCESS', 'code': 200, 'data': {'matchingType': 1, 'enterpriseInfo': {'hotelTaxIllegal': 0, 'hotelLitigation': 0, 'legalpersonChange': 0, 'hotelPunish': 0, 'shareholderChange': 0}, 'ruzhulvMean': {'rzl8': 100.0, 'rzl9': 99.57, 'rzl4': 100.0, 'rzl5': 100.0, 'rzl6': 100.0, 'rzl7': 99.89, 'rzl1': 100.0, 'rzl2': 99.57, 'rzl3': 100.0, 'yearRzl': 98.5, 'halfYearRzl': 97.93, 'rzl12': 98.92, 'rzl10': 99.68, 'rzl11': 89.49}, 'roomPrice': {'meanPrice': 0.0, 'medianPrice': 0.0}, 'companyName': u'\u91cd\u5e86\u957f\u57ce\u5bbe\u9986'}}]
2018-04-12 10:14:07,571 - INFO - ['hotel requests', {'2018/04/12': 4, '2018/04/11': 13}]
2018-04-12 10:14:18,193 - INFO - ['hotel requests success', {'message': 'SUCCESS', 'code': 200, 'data': {'matchingType': 1, 'enterpriseInfo': {'hotelTaxIllegal': 0, 'hotelLitigation': 0, 'legalpersonChange': 0, 'hotelPunish': 0, 'shareholderChange': 0}, 'ruzhulvMean': {'rzl8': 100.0, 'rzl9': 99.57, 'rzl4': 100.0, 'rzl5': 100.0, 'rzl6': 100.0, 'rzl7': 99.89, 'rzl1': 100.0, 'rzl2': 99.57, 'rzl3': 100.0, 'yearRzl': 98.5, 'halfYearRzl': 97.93, 'rzl12': 98.92, 'rzl10': 99.68, 'rzl11': 89.49}, 'roomPrice': {'meanPrice': 0.0, 'medianPrice': 0.0}, 'companyName': u'\u91cd\u5e86\u957f\u57ce\u5bbe\u9986'}}]
2018-04-12 10:47:07,121 - INFO - ['hotel requests', {'2018/04/12': 5, '2018/04/11': 13}]
2018-04-12 10:47:09,013 - INFO - ['hotel requests success', {'message': 'SUCCESS', 'code': 200, 'data': {'matchingType': 1, 'enterpriseInfo': {'hotelTaxIllegal': 0, 'hotelLitigation': 0, 'legalpersonChange': 0, 'hotelPunish': 0, 'shareholderChange': 0}, 'ruzhulvMean': {'rzl8': 100.0, 'rzl9': 99.04, 'rzl4': 100.0, 'rzl5': 100.0, 'rzl6': 99.88, 'rzl7': 100.0, 'rzl1': 99.63, 'rzl2': 98.45, 'rzl3': 100.0, 'yearRzl': 98.46, 'halfYearRzl': 98.32, 'rzl12': 100.0, 'rzl10': 93.31, 'rzl11': 97.58}, 'roomPrice': {'meanPrice': 0.0, 'medianPrice': 0.0}, 'companyName': u'\u6e1d\u4e2d\u533a\u661f\u8c6a\u9e3f\u6021\u99a8\u9152\u5e97'}}]
2018-04-12 10:48:03,366 - INFO - ['hotel requests', {'2018/04/12': 6, '2018/04/11': 13}]
2018-04-12 10:48:05,241 - INFO - ['hotel requests success', {'message': 'SUCCESS', 'code': 200, 'data': {'matchingType': 1, 'enterpriseInfo': {'hotelTaxIllegal': 0, 'hotelLitigation': 0, 'legalpersonChange': 0, 'hotelPunish': 0, 'shareholderChange': 0}, 'ruzhulvMean': {'rzl8': 83.84, 'rzl9': 68.44, 'rzl4': 58.99, 'rzl5': 49.38, 'rzl6': 50.94, 'rzl7': 66.48, 'rzl1': 64.75, 'rzl2': 61.81, 'rzl3': 58.93, 'yearRzl': 58.79, 'halfYearRzl': 60.57, 'rzl12': 52.36, 'rzl10': 44.77, 'rzl11': 47.53}, 'roomPrice': {'meanPrice': 0.0, 'medianPrice': 0.0}, 'companyName': u'\u91cd\u5e86\u5609\u53d1\u6295\u8d44\u7ba1\u7406\u6709\u9650\u516c\u53f8\u5609\u53d1\u5e0c\u5c14\u987f\u9038\u6797\u9152\u5e97'}}]
2018-04-12 10:48:45,559 - INFO - ['hotel requests', {'2018/04/12': 7, '2018/04/11': 13}]
2018-04-12 10:48:47,952 - INFO - ['hotel requests success', {'message': 'SUCCESS', 'code': 200, 'data': {'matchingType': 1, 'enterpriseInfo': {'hotelTaxIllegal': 0, 'hotelLitigation': 0, 'legalpersonChange': 0, 'hotelPunish': 0, 'shareholderChange': 0}, 'ruzhulvMean': {'rzl8': 68.57, 'rzl9': 52.75, 'rzl4': 80.31, 'rzl5': 55.05, 'rzl6': 64.75, 'rzl7': 64.37, 'rzl1': 73.37, 'rzl2': 63.25, 'rzl3': 73.71, 'yearRzl': 57.2, 'halfYearRzl': 46.12, 'rzl12': 35.02, 'rzl10': 26.91, 'rzl11': 29.12}, 'roomPrice': {'meanPrice': 0.0, 'medianPrice': 0.0}, 'companyName': u'\u91cd\u5e86\u56fd\u745e\u9152\u5e97\u7ba1\u7406\u6709\u9650\u516c\u53f8\u4e07\u8c6a\u9152\u5e97'}}]
2018-04-12 11:06:56,936 - INFO - ['hotel requests', {'2018/04/12': 8, '2018/04/11': 13}]
2018-04-12 11:06:58,345 - INFO - ['hotel requests success', {'message': 'SUCCESS', 'code': 200, 'data': {'matchingType': 1, 'enterpriseInfo': {'hotelTaxIllegal': 0, 'hotelLitigation': 0, 'legalpersonChange': 0, 'hotelPunish': 0, 'shareholderChange': 0}, 'ruzhulvMean': {'rzl8': 83.84, 'rzl9': 68.44, 'rzl4': 58.99, 'rzl5': 49.38, 'rzl6': 50.94, 'rzl7': 66.48, 'rzl1': 64.75, 'rzl2': 61.81, 'rzl3': 58.93, 'yearRzl': 58.79, 'halfYearRzl': 60.57, 'rzl12': 52.36, 'rzl10': 44.77, 'rzl11': 47.53}, 'roomPrice': {'meanPrice': 0.0, 'medianPrice': 0.0}, 'companyName': u'\u91cd\u5e86\u5609\u53d1\u6295\u8d44\u7ba1\u7406\u6709\u9650\u516c\u53f8\u5609\u53d1\u5e0c\u5c14\u987f\u9038\u6797\u9152\u5e97'}}]
2018-04-12 11:08:13,918 - INFO - ['hotel requests', {'2018/04/12': 9, '2018/04/11': 13}]
2018-04-12 11:08:15,861 - INFO - ['hotel requests success', {'message': 'SUCCESS', 'code': 200, 'data': {'matchingType': 1, 'enterpriseInfo': {'hotelTaxIllegal': 0, 'hotelLitigation': 0, 'legalpersonChange': 0, 'hotelPunish': 0, 'shareholderChange': 0}, 'ruzhulvMean': {'rzl8': 73.95, 'rzl9': 55.26, 'rzl4': 66.24, 'rzl5': 67.24, 'rzl6': 68.36, 'rzl7': 69.65, 'rzl1': 73.24, 'rzl2': 64.91, 'rzl3': 68.92, 'yearRzl': 59.87, 'halfYearRzl': 51.87, 'rzl12': 42.92, 'rzl10': 32.29, 'rzl11': 37.13}, 'roomPrice': {'meanPrice': 0.0, 'medianPrice': 0.0}, 'companyName': u'\u91cd\u5e86\u559c\u798f\u7f6e\u4e1a\u6709\u9650\u516c\u53f8\u559c\u6765\u767b\u5927\u9152\u5e97'}}]
2018-04-12 11:08:48,950 - INFO - ['hotel requests', {'2018/04/12': 10, '2018/04/11': 13}]
2018-04-12 11:08:59,570 - INFO - ['hotel requests success', {'message': 'SUCCESS', 'code': 200, 'data': {'matchingType': 1, 'enterpriseInfo': {'hotelTaxIllegal': 0, 'hotelLitigation': 0, 'legalpersonChange': 0, 'hotelPunish': 0, 'shareholderChange': 0}, 'ruzhulvMean': {'rzl8': 73.95, 'rzl9': 55.26, 'rzl4': 66.24, 'rzl5': 67.24, 'rzl6': 68.36, 'rzl7': 69.65, 'rzl1': 73.24, 'rzl2': 64.91, 'rzl3': 68.92, 'yearRzl': 59.87, 'halfYearRzl': 51.87, 'rzl12': 42.92, 'rzl10': 32.29, 'rzl11': 37.13}, 'roomPrice': {'meanPrice': 0.0, 'medianPrice': 0.0}, 'companyName': u'\u91cd\u5e86\u559c\u798f\u7f6e\u4e1a\u6709\u9650\u516c\u53f8\u559c\u6765\u767b\u5927\u9152\u5e97'}}]
2018-04-12 11:49:09,397 - INFO - ['hotel requests', {'2018/04/12': 11, '2018/04/11': 13}]
2018-04-12 11:49:11,589 - INFO - ['hotel requests success', {'message': 'SUCCESS', 'code': 200, 'data': {'matchingType': 1, 'enterpriseInfo': {'hotelTaxIllegal': 0, 'hotelLitigation': 0, 'legalpersonChange': 0, 'hotelPunish': 0, 'shareholderChange': 0}, 'ruzhulvMean': {'rzl8': 65.16, 'rzl9': 50.8, 'rzl4': 65.31, 'rzl5': 56.68, 'rzl6': 58.5, 'rzl7': 66.41, 'rzl1': 65.74, 'rzl2': 60.57, 'rzl3': 62.88, 'yearRzl': 53.16, 'halfYearRzl': 44.84, 'rzl12': 32.78, 'rzl10': 24.74, 'rzl11': 29.15}, 'roomPrice': {'meanPrice': 0.0, 'medianPrice': 0.0}, 'companyName': u'\u91cd\u5e86\u5e0c\u5c14\u987f\u9152\u5e97'}}]
2018-04-12 11:56:21,015 - INFO - ['hotel requests', {'2018/04/12': 12, '2018/04/11': 13}]
2018-04-12 11:56:22,730 - INFO - ['hotel requests success', {'message': 'SUCCESS', 'code': 200, 'data': {'matchingType': 1, 'enterpriseInfo': {'hotelTaxIllegal': 0, 'hotelLitigation': 0, 'legalpersonChange': 0, 'hotelPunish': 0, 'shareholderChange': 0}, 'ruzhulvMean': {'rzl8': 68.32, 'rzl9': 52.23, 'rzl4': 73.54, 'rzl5': 52.4, 'rzl6': 56.78, 'rzl7': 59.11, 'rzl1': 54.94, 'rzl2': 57.77, 'rzl3': 57.37, 'yearRzl': 51.52, 'halfYearRzl': 44.26, 'rzl12': 33.79, 'rzl10': 26.77, 'rzl11': 25.35}, 'roomPrice': {'meanPrice': 0.0, 'medianPrice': 0.0}, 'companyName': u'\u91cd\u5e86\u4e07\u8fbe\u9152\u5e97\u7ba1\u7406\u6709\u9650\u516c\u53f8\u4e07\u8fbe\u827e\u7f8e\u9152\u5e97'}}]
2018-04-12 11:58:01,686 - INFO - ['hotel requests', {'2018/04/12': 13, '2018/04/11': 13}]
2018-04-12 11:58:09,546 - INFO - ['hotel requests success', {'message': 'SUCCESS', 'code': 200, 'data': {'matchingType': 1, 'enterpriseInfo': {'hotelTaxIllegal': 0, 'hotelLitigation': 0, 'legalpersonChange': 0, 'hotelPunish': 0, 'shareholderChange': 0}, 'ruzhulvMean': {'rzl8': 66.83, 'rzl9': 59.59, 'rzl4': 74.48, 'rzl5': 78.7, 'rzl6': 65.18, 'rzl7': 64.94, 'rzl1': 73.48, 'rzl2': 79.18, 'rzl3': 74.97, 'yearRzl': 62.1, 'halfYearRzl': 50.05, 'rzl12': 38.58, 'rzl10': 32.7, 'rzl11': 37.66}, 'roomPrice': {'meanPrice': 0.0, 'medianPrice': 0.0}, 'companyName': u'\u91cd\u5e86\u7533\u57fa\u5b9e\u4e1a\uff08\u96c6\u56e2\uff09\u6709\u9650\u516c\u53f8\u89e3\u653e\u7891\u5a01\u65af\u6c40\u9152\u5e97'}}]
2018-04-12 14:14:28,098 - INFO - ['hotel requests', {'2018/04/12': 14, '2018/04/11': 13}]
2018-04-12 14:14:33,491 - INFO - ['hotel requests success', {'message': 'SUCCESS', 'code': 200, 'data': {'matchingType': 1, 'enterpriseInfo': {'hotelTaxIllegal': 0, 'hotelLitigation': 0, 'legalpersonChange': 0, 'hotelPunish': 0, 'shareholderChange': 0}, 'ruzhulvMean': {'rzl8': 66.83, 'rzl9': 59.59, 'rzl4': 74.48, 'rzl5': 78.7, 'rzl6': 65.18, 'rzl7': 64.94, 'rzl1': 73.48, 'rzl2': 79.18, 'rzl3': 74.97, 'yearRzl': 62.1, 'halfYearRzl': 50.05, 'rzl12': 38.58, 'rzl10': 32.7, 'rzl11': 37.66}, 'roomPrice': {'meanPrice': 0.0, 'medianPrice': 0.0}, 'companyName': u'\u91cd\u5e86\u7533\u57fa\u5b9e\u4e1a\uff08\u96c6\u56e2\uff09\u6709\u9650\u516c\u53f8\u89e3\u653e\u7891\u5a01\u65af\u6c40\u9152\u5e97'}}]
2018-04-12 14:26:48,365 - INFO - ['hotel requests', {'2018/04/12': 15, '2018/04/11': 13}]
2018-04-12 14:26:49,683 - INFO - ['hotel requests success', {'message': 'SUCCESS', 'code': 200, 'data': {'matchingType': 1, 'enterpriseInfo': {'hotelTaxIllegal': 0, 'hotelLitigation': 0, 'legalpersonChange': 0, 'hotelPunish': 0, 'shareholderChange': 0}, 'ruzhulvMean': {'rzl8': 83.89, 'rzl9': 70.61, 'rzl4': 79.48, 'rzl5': 70.16, 'rzl6': 72.13, 'rzl7': 94.35, 'rzl1': 66.85, 'rzl2': 62.9, 'rzl3': 69.26, 'yearRzl': 66.64, 'halfYearRzl': 63.39, 'rzl12': 47.67, 'rzl10': 40.14, 'rzl11': 43.7}, 'roomPrice': {'meanPrice': 0.0, 'medianPrice': 0.0}, 'companyName': u'\u91cd\u5e86\u5b89\u901a\u5bbe\u9986\u6709\u9650\u516c\u53f8'}}]
