2018-04-12 14:26:40,950 - INFO - 服务已经启动...
2018-04-12 14:32:37,653 - INFO - 服务已经启动...
2018-04-12 14:32:49,332 - INFO - ['hotel requests', {'2018/04/12': 1}]
2018-04-12 14:32:52,500 - INFO - ['hotel requests success', {'message': 'SUCCESS', 'code': 200, 'data': {'matchingType': 1, 'enterpriseInfo': {'hotelTaxIllegal': 0, 'hotelLitigation': 0, 'legalpersonChange': 0, 'hotelPunish': 0, 'shareholderChange': 0}, 'ruzhulvMean': {'rzl8': 83.89, 'rzl9': 70.61, 'rzl4': 79.48, 'rzl5': 70.16, 'rzl6': 72.13, 'rzl7': 94.35, 'rzl1': 66.85, 'rzl2': 62.9, 'rzl3': 69.26, 'yearRzl': 66.64, 'halfYearRzl': 63.39, 'rzl12': 47.67, 'rzl10': 40.14, 'rzl11': 43.7}, 'roomPrice': {'meanPrice': 0.0, 'medianPrice': 0.0}, 'companyName': u'\u91cd\u5e86\u5b89\u901a\u5bbe\u9986\u6709\u9650\u516c\u53f8'}}]
2018-04-12 15:27:07,609 - INFO - ['hotel requests', {'2018/04/12': 1}]
2018-04-12 15:27:11,889 - INFO - ['hotel requests success', {'message': 'SUCCESS', 'code': 200, 'data': {'matchingType': 1, 'enterpriseInfo': {'hotelTaxIllegal': 0, 'hotelLitigation': 1, 'legalpersonChange': 0, 'hotelPunish': 0, 'shareholderChange': 0}, 'ruzhulvMean': {'rzl8': 67.5, 'rzl9': 54.11, 'rzl4': 47.73, 'rzl5': 43.55, 'rzl6': 52.5, 'rzl7': 77.57, 'rzl1': 7.42, 'rzl2': 30.64, 'rzl3': 43.11, 'yearRzl': 41.25, 'halfYearRzl': 45.05, 'rzl12': 27.86, 'rzl10': 18.18, 'rzl11': 25.09}, 'roomPrice': {'meanPrice': 0.0, 'medianPrice': 0.0}, 'companyName': u'\u91cd\u5e86\u5e02\u5723\u6770\u9152\u5e97\u7ba1\u7406\u6709\u9650\u516c\u53f8\u6768\u5bb6\u576a\u5206\u516c\u53f8'}}]
2018-04-12 15:28:27,913 - INFO - ['hotel requests', {'2018/04/12': 2}]
2018-04-12 15:28:29,860 - INFO - ['hotel requests success', {'message': 'SUCCESS', 'code': 200, 'data': {'matchingType': 1, 'enterpriseInfo': {'hotelTaxIllegal': 0, 'hotelLitigation': 0, 'legalpersonChange': 0, 'hotelPunish': 0, 'shareholderChange': 0}, 'ruzhulvMean': {'rzl8': 57.29, 'rzl9': 41.89, 'rzl4': 46.74, 'rzl5': 52.99, 'rzl6': 49.19, 'rzl7': 52.82, 'rzl1': 52.21, 'rzl2': 47.67, 'rzl3': 49.37, 'yearRzl': 44.31, 'halfYearRzl': 39.15, 'rzl12': 28.97, 'rzl10': 24.92, 'rzl11': 29.02}, 'roomPrice': {'meanPrice': 0.0, 'medianPrice': 0.0}, 'companyName': u'\u91cd\u5e86\u6d32\u9645\u9152\u5e97\u6295\u8d44\u6709\u9650\u516c\u53f8'}}]
2018-04-12 15:28:33,655 - INFO - ['hotel requests', {'2018/04/12': 3}]
2018-04-12 15:28:35,456 - INFO - ['hotel requests success', {'message': 'SUCCESS', 'code': 200, 'data': {'matchingType': 1, 'enterpriseInfo': {'hotelTaxIllegal': 0, 'hotelLitigation': 0, 'legalpersonChange': 0, 'hotelPunish': 0, 'shareholderChange': 0}, 'ruzhulvMean': {'rzl8': 57.29, 'rzl9': 41.89, 'rzl4': 46.74, 'rzl5': 52.99, 'rzl6': 49.19, 'rzl7': 52.82, 'rzl1': 52.21, 'rzl2': 47.67, 'rzl3': 49.37, 'yearRzl': 44.31, 'halfYearRzl': 39.15, 'rzl12': 28.97, 'rzl10': 24.92, 'rzl11': 29.02}, 'roomPrice': {'meanPrice': 0.0, 'medianPrice': 0.0}, 'companyName': u'\u91cd\u5e86\u6d32\u9645\u9152\u5e97\u6295\u8d44\u6709\u9650\u516c\u53f8'}}]
2018-04-12 15:29:40,377 - INFO - ['hotel requests', {'2018/04/12': 4}]
2018-04-12 15:29:42,011 - INFO - ['hotel requests success', {'message': 'SUCCESS', 'code': 200, 'data': {'matchingType': 1, 'enterpriseInfo': {'hotelTaxIllegal': 0, 'hotelLitigation': 1, 'legalpersonChange': -1, 'hotelPunish': 0, 'shareholderChange': -1}, 'ruzhulvMean': {'rzl8': 81.33, 'rzl9': 84.3, 'rzl4': 94.41, 'rzl5': 100.0, 'rzl6': 97.33, 'rzl7': 89.03, 'rzl1': 89.11, 'rzl2': 85.59, 'rzl3': 100.0, 'yearRzl': 80.86, 'halfYearRzl': 66.73, 'rzl12': 76.13, 'rzl10': 51.61, 'rzl11': 17.95}, 'roomPrice': {'meanPrice': 0.0, 'medianPrice': 0.0}, 'companyName': u'\u5317\u90e8\u65b0\u533a\u6717\u5ead\u65f6\u5c1a\u9152\u5e97'}}]
2018-04-12 15:30:02,269 - INFO - ['hotel requests', {'2018/04/12': 5}]
2018-04-12 15:30:10,734 - INFO - ['hotel requests success', {'message': 'SUCCESS', 'code': 200, 'data': {'matchingType': 1, 'enterpriseInfo': {'hotelTaxIllegal': 0, 'hotelLitigation': 0, 'legalpersonChange': 0, 'hotelPunish': 0, 'shareholderChange': 0}, 'ruzhulvMean': {'rzl8': 57.29, 'rzl9': 41.89, 'rzl4': 46.74, 'rzl5': 52.99, 'rzl6': 49.19, 'rzl7': 52.82, 'rzl1': 52.21, 'rzl2': 47.67, 'rzl3': 49.37, 'yearRzl': 44.31, 'halfYearRzl': 39.15, 'rzl12': 28.97, 'rzl10': 24.92, 'rzl11': 29.02}, 'roomPrice': {'meanPrice': 0.0, 'medianPrice': 0.0}, 'companyName': u'\u91cd\u5e86\u6d32\u9645\u9152\u5e97\u6295\u8d44\u6709\u9650\u516c\u53f8'}}]
2018-04-12 15:33:51,242 - INFO - ['hotel requests', {'2018/04/12': 6}]
2018-04-12 15:33:52,518 - INFO - ['hotel requests success', {'message': 'SUCCESS', 'code': 200, 'data': {'matchingType': 1, 'enterpriseInfo': {'hotelTaxIllegal': 0, 'hotelLitigation': 0, 'legalpersonChange': 0, 'hotelPunish': 0, 'shareholderChange': 0}, 'ruzhulvMean': {'rzl8': 57.29, 'rzl9': 41.89, 'rzl4': 46.74, 'rzl5': 52.99, 'rzl6': 49.19, 'rzl7': 52.82, 'rzl1': 52.21, 'rzl2': 47.67, 'rzl3': 49.37, 'yearRzl': 44.31, 'halfYearRzl': 39.15, 'rzl12': 28.97, 'rzl10': 24.92, 'rzl11': 29.02}, 'roomPrice': {'meanPrice': 0.0, 'medianPrice': 0.0}, 'companyName': u'\u91cd\u5e86\u6d32\u9645\u9152\u5e97\u6295\u8d44\u6709\u9650\u516c\u53f8'}}]
2018-04-12 15:39:58,020 - INFO - ['hotel requests', {'2018/04/12': 7}]
2018-04-12 15:39:58,021 - ERROR - {'message': u'\u53c2\u6570hotelId\u8f93\u5165\u9519\u8bef', 'code': 4003, 'data': None}
2018-04-12 15:40:41,661 - INFO - ['hotel requests', {'2018/04/12': 8}]
2018-04-12 15:40:41,661 - ERROR - {'message': u'\u53c2\u6570hotelId\u8f93\u5165\u9519\u8bef', 'code': 4003, 'data': None}
2018-04-12 15:41:16,659 - INFO - ['hotel requests', {'2018/04/12': 9}]
2018-04-12 15:41:16,660 - ERROR - {'message': u'\u53c2\u6570hotelId\u8f93\u5165\u9519\u8bef', 'code': 4003, 'data': None}
2018-04-12 15:43:39,625 - INFO - ['hotel requests', {'2018/04/12': 10}]
2018-04-12 15:43:40,868 - INFO - ['hotel requests success', {'message': 'SUCCESS', 'code': 200, 'data': {'matchingType': 1, 'enterpriseInfo': {'hotelTaxIllegal': 0, 'hotelLitigation': 1, 'legalpersonChange': 0, 'hotelPunish': 0, 'shareholderChange': 0}, 'ruzhulvMean': {'rzl8': 67.5, 'rzl9': 54.11, 'rzl4': 47.73, 'rzl5': 43.55, 'rzl6': 52.5, 'rzl7': 77.57, 'rzl1': 7.42, 'rzl2': 30.64, 'rzl3': 43.11, 'yearRzl': 41.25, 'halfYearRzl': 45.05, 'rzl12': 27.86, 'rzl10': 18.18, 'rzl11': 25.09}, 'roomPrice': {'meanPrice': 0.0, 'medianPrice': 0.0}, 'companyName': u'\u91cd\u5e86\u5e02\u5723\u6770\u9152\u5e97\u7ba1\u7406\u6709\u9650\u516c\u53f8\u6768\u5bb6\u576a\u5206\u516c\u53f8'}}]
2018-04-12 15:50:24,356 - INFO - ['hotel requests', {'2018/04/12': 11}]
2018-04-12 15:50:25,781 - INFO - ['hotel requests success', {'message': 'SUCCESS', 'code': 200, 'data': {'matchingType': 1, 'enterpriseInfo': {'hotelTaxIllegal': 0, 'hotelLitigation': 1, 'legalpersonChange': -1, 'hotelPunish': 0, 'shareholderChange': -1}, 'ruzhulvMean': {'rzl8': 85.27, 'rzl9': 74.55, 'rzl4': 86.8, 'rzl5': 88.8, 'rzl6': 81.15, 'rzl7': 91.03, 'rzl1': 86.91, 'rzl2': 77.54, 'rzl3': 85.76, 'yearRzl': 78.25, 'halfYearRzl': 72.77, 'rzl12': 63.58, 'rzl10': 52.14, 'rzl11': 70.07}, 'roomPrice': {'meanPrice': 0.0, 'medianPrice': 0.0}, 'companyName': u'\u5317\u90e8\u65b0\u533a\u6717\u5ead\u65f6\u5c1a\u9152\u5e97'}}]
2018-04-12 15:56:11,054 - INFO - ['hotel requests', {'2018/04/12': 12}]
2018-04-12 15:56:12,863 - INFO - ['hotel requests success', {'message': 'SUCCESS', 'code': 200, 'data': {'matchingType': 1, 'enterpriseInfo': {'hotelTaxIllegal': 0, 'hotelLitigation': 1, 'legalpersonChange': 0, 'hotelPunish': 0, 'shareholderChange': 0}, 'ruzhulvMean': {'rzl8': 77.76, 'rzl9': 64.08, 'rzl4': 64.52, 'rzl5': 71.74, 'rzl6': 72.64, 'rzl7': 66.44, 'rzl1': 58.91, 'rzl2': 66.3, 'rzl3': 73.73, 'yearRzl': 64.77, 'halfYearRzl': 61.97, 'rzl12': 52.67, 'rzl10': 61.96, 'rzl11': 48.91}, 'roomPrice': {'meanPrice': 0.0, 'medianPrice': 0.0}, 'companyName': u'\u91cd\u5e86\u666f\u6c5f\u9152\u5e97\u7ba1\u7406\u6709\u9650\u516c\u53f8'}}]
